Using pre-set license
Built from '2020.3/release' branch; Version is '2020.3.2f1 (8fd9074bf66c) revision 9427207'; Using compiler version '192528614'; Build Type 'Release'
OS: 'Windows 10 Pro; OS build 19043.1165; Version 2009; 64bit' Language: 'en' Physical Memory: 16194 MB
BatchMode: 1, IsHumanControllingUs: 0, StartBugReporterOnCrash: 0, Is64bit: 1, IsPro: 0

 COMMAND LINE ARGUMENTS:
D:\Unity Editors\2020.3.2f1\Editor\Unity.exe
-adb2
-batchMode
-noUpm
-name
AssetImportWorker0
-projectPath
E:/Unity/Brackey-s-jam-2021
-logFile
Logs/AssetImportWorker0.log
-srvPort
61880
Successfully changed project path to: E:/Unity/Brackey-s-jam-2021
E:/Unity/Brackey-s-jam-2021
Using Asset Import Pipeline V2.
Refreshing native plugins compatible for Editor in 66.60 ms, found 3 plugins.
Preloading 0 native plugins for Editor in 0.00 ms.
Initialize engine version: 2020.3.2f1 (8fd9074bf66c)
[Subsystems] Discovering subsystems at path D:/Unity Editors/2020.3.2f1/Editor/Data/Resources/UnitySubsystems
[Subsystems] Discovering subsystems at path E:/Unity/Brackey-s-jam-2021/Assets
GfxDevice: creating device client; threaded=0
Direct3D:
    Version:  Direct3D 11.0 [level 11.1]
    Renderer: Radeon RX 560X (ID=0x67ef)
    Vendor:   
    VRAM:     4075 MB
    Driver:   27.20.22001.14011
Initialize mono
Mono path[0] = 'D:/Unity Editors/2020.3.2f1/Editor/Data/Managed'
Mono path[1] = 'D:/Unity Editors/2020.3.2f1/Editor/Data/MonoBleedingEdge/lib/mono/unityjit'
Mono config path = 'D:/Unity Editors/2020.3.2f1/Editor/Data/MonoBleedingEdge/etc'
Using monoOptions --debugger-agent=transport=dt_socket,embedding=1,server=y,suspend=n,address=127.0.0.1:56536
Begin MonoManager ReloadAssembly
Registering precompiled unity dll's ...
Register platform support module: D:/Unity Editors/2020.3.2f1/Editor/Data/PlaybackEngines/WindowsStandaloneSupport/UnityEditor.WindowsStandalone.Extensions.dll
Registered in 0.001655 seconds.
Native extension for WindowsStandalone target not found
Refreshing native plugins compatible for Editor in 47.11 ms, found 3 plugins.
Preloading 0 native plugins for Editor in 0.00 ms.
Invoked RoslynAnalysisRunner static constructor.
RoslynAnalysisRunner will not be running.
RoslynAnalysisRunner has terminated.
Mono: successfully reloaded assembly
- Completed reload, in  1.386 seconds
Platform modules already initialized, skipping
Registering precompiled user dll's ...
Registered in 0.005055 seconds.
Begin MonoManager ReloadAssembly
Native extension for WindowsStandalone target not found
Refreshing native plugins compatible for Editor in 47.47 ms, found 3 plugins.
Preloading 0 native plugins for Editor in 0.00 ms.
Invoked RoslynAnalysisRunner static constructor.
RoslynAnalysisRunner will not be running.
RoslynAnalysisRunner has terminated.
Mono: successfully reloaded assembly
- Completed reload, in  1.453 seconds
Platform modules already initialized, skipping
========================================================================
Worker process is ready to serve import requests
Launched and connected shader compiler UnityShaderCompiler.exe after 0.15 seconds
Refreshing native plugins compatible for Editor in 0.71 ms, found 3 plugins.
Preloading 0 native plugins for Editor in 0.00 ms.
Unloading 2080 Unused Serialized files (Serialized files now loaded: 0)
System memory in use before: 92.9 MB.
System memory in use after: 93.0 MB.

Unloading 28 unused Assets to reduce memory usage. Loaded Objects now: 2518.
Total: 2.752600 ms (FindLiveObjects: 0.290700 ms CreateObjectMapping: 0.090200 ms MarkObjects: 2.288100 ms  DeleteObjects: 0.082600 ms)

========================================================================
Received Import Request.
  path: Assets/Art/arrow.png
  artifactKey: Guid(a8feac1307ac522479615b5bf4d838e5) Importer(815301076,1909f56bfc062723c751e8b465ee728b)
Start importing Assets/Art/arrow.png using Guid(a8feac1307ac522479615b5bf4d838e5) Importer(815301076,1909f56bfc062723c751e8b465ee728b)  -> (artifact id: 'fbc7fdcb97a4108297b93ac2b24c2a75') in 0.198092 seconds
  Import took 0.202786 seconds .

========================================================================
Received Import Request.
  Time since last request: 3.691531 seconds.
  path: Assets/Art/arrow.png
  artifactKey: Guid(a8feac1307ac522479615b5bf4d838e5) Importer(815301076,1909f56bfc062723c751e8b465ee728b)
Start importing Assets/Art/arrow.png using Guid(a8feac1307ac522479615b5bf4d838e5) Importer(815301076,1909f56bfc062723c751e8b465ee728b)  -> (artifact id: 'e52082158ceecc7804c70a197af3fe35') in 0.010478 seconds
  Import took 0.014448 seconds .

AssetImportWorkerClient::OnTransportError - code=2 error=End of file
